globals.h(27): Continuing after Error -27792: Failed to connect to server "localhost:8086": [10061] Connection refused  	[MsgId: MERR-27792]
globals.h(27): Continuing after Error -27792: Failed to connect to server "localhost:8086": [10061] Connection refused  	[MsgId: MERR-27792]
globals.h(27): Continuing after Error -27792: Failed to connect to server "localhost:8086": [10061] Connection refused  	[MsgId: MERR-27792]
globals.h(27): Continuing after Error -27792: Failed to connect to server "localhost:8086": [10061] Connection refused  	[MsgId: MERR-27792]
globals.h(27): Continuing after Error -27792: Failed to connect to server "localhost:8086": [10061] Connection refused  	[MsgId: MERR-27792]
globals.h(27): Continuing after Error -27792: Failed to connect to server "localhost:8086": [10061] Connection refused  	[MsgId: MERR-27792]
Action3.c(3): холостой ход	[MsgId: MMSG-17999]
Action3.c(4): 	[MsgId: MMSG-17999]
globals.h(27): Continuing after Error -27792: Failed to connect to server "localhost:8086": [10061] Connection refused  	[MsgId: MERR-27792]
globals.h(27): Continuing after Error -27792: Failed to connect to server "localhost:8086": [10061] Connection refused  	[MsgId: MERR-27792]
globals.h(27): Continuing after Error -27792: Failed to connect to server "localhost:8086": [10061] Connection refused  	[MsgId: MERR-27792]
globals.h(27): Continuing after Error -27792: Failed to connect to server "localhost:8086": [10061] Connection refused  	[MsgId: MERR-27792]
globals.h(27): Continuing after Error -27792: Failed to connect to server "localhost:8086": [10061] Connection refused  	[MsgId: MERR-27792]
globals.h(27): Continuing after Error -27792: Failed to connect to server "localhost:8086": [10061] Connection refused  	[MsgId: MERR-27792]
globals.h(27): Continuing after Error -27792: Failed to connect to server "localhost:8086": [10061] Connection refused  	[MsgId: MERR-27792]
Delete_1_ticket.c(6): В теле action1 - удаление последне созданного билета	[MsgId: MMSG-17999]
globals.h(27): Continuing after Error -27792: Failed to connect to server "localhost:8086": [10061] Connection refused  	[MsgId: MERR-27792]
Delete_1_ticket.c(43): Number of Tickets for DELETE is: 11	[MsgId: MMSG-17999]
Delete_1_ticket.c(44): 	[MsgId: MMSG-17999]
globals.h(27): Continuing after Error -27792: Failed to connect to server "localhost:8086": [10061] Connection refused  	[MsgId: MERR-27792]
globals.h(27): Continuing after Error -27792: Failed to connect to server "localhost:8086": [10061] Connection refused  	[MsgId: MERR-27792]
globals.h(27): Continuing after Error -27792: Failed to connect to server "localhost:8086": [10061] Connection refused  	[MsgId: MERR-27792]
globals.h(27): Continuing after Error -27792: Failed to connect to server "localhost:8086": [10061] Connection refused  	[MsgId: MERR-27792]
globals.h(27): Continuing after Error -27792: Failed to connect to server "localhost:8086": [10061] Connection refused  	[MsgId: MERR-27792]
globals.h(27): Continuing after Error -27792: Failed to connect to server "localhost:8086": [10061] Connection refused  	[MsgId: MERR-27792]
globals.h(27): Continuing after Error -27792: Failed to connect to server "localhost:8086": [10061] Connection refused  	[MsgId: MERR-27792]
globals.h(27): Continuing after Error -27792: Failed to connect to server "localhost:8086": [10061] Connection refused  	[MsgId: MERR-27792]
Delete_1_ticket.c(6): В теле action1 - удаление последне созданного билета	[MsgId: MMSG-17999]
globals.h(27): Continuing after Error -27792: Failed to connect to server "localhost:8086": [10061] Connection refused  	[MsgId: MERR-27792]
Delete_1_ticket.c(43): Number of Tickets for DELETE is: 11	[MsgId: MMSG-17999]
Delete_1_ticket.c(44): 	[MsgId: MMSG-17999]
globals.h(27): Continuing after Error -27792: Failed to connect to server "localhost:8086": [10061] Connection refused  	[MsgId: MERR-27792]
globals.h(27): Continuing after Error -27792: Failed to connect to server "localhost:8086": [10061] Connection refused  	[MsgId: MERR-27792]
globals.h(27): Continuing after Error -27792: Failed to connect to server "localhost:8086": [10061] Connection refused  	[MsgId: MERR-27792]
globals.h(27): Continuing after Error -27792: Failed to connect to server "localhost:8086": [10061] Connection refused  	[MsgId: MERR-27792]
globals.h(27): Continuing after Error -27792: Failed to connect to server "localhost:8086": [10061] Connection refused  	[MsgId: MERR-27792]
globals.h(27): Continuing after Error -27792: Failed to connect to server "localhost:8086": [10061] Connection refused  	[MsgId: MERR-27792]
globals.h(27): Continuing after Error -27792: Failed to connect to server "localhost:8086": [10061] Connection refused  	[MsgId: MERR-27792]
globals.h(27): Continuing after Error -27792: Failed to connect to server "localhost:8086": [10061] Connection refused  	[MsgId: MERR-27792]
Action3.c(3): холостой ход	[MsgId: MMSG-17999]
Action3.c(4): 	[MsgId: MMSG-17999]
globals.h(27): Continuing after Error -27792: Failed to connect to server "localhost:8086": [10061] Connection refused  	[MsgId: MERR-27792]
globals.h(27): Continuing after Error -27792: Failed to connect to server "localhost:8086": [10061] Connection refused  	[MsgId: MERR-27792]
globals.h(27): Continuing after Error -27792: Failed to connect to server "localhost:8086": [10061] Connection refused  	[MsgId: MERR-27792]
globals.h(27): Continuing after Error -27792: Failed to connect to server "localhost:8086": [10061] Connection refused  	[MsgId: MERR-27792]
globals.h(27): Continuing after Error -27792: Failed to connect to server "localhost:8086": [10061] Connection refused  	[MsgId: MERR-27792]
globals.h(27): Continuing after Error -27792: Failed to connect to server "localhost:8086": [10061] Connection refused  	[MsgId: MERR-27792]
globals.h(27): Continuing after Error -27792: Failed to connect to server "localhost:8086": [10061] Connection refused  	[MsgId: MERR-27792]
Action3.c(3): холостой ход	[MsgId: MMSG-17999]
Action3.c(4): 	[MsgId: MMSG-17999]
globals.h(27): Continuing after Error -27792: Failed to connect to server "localhost:8086": [10061] Connection refused  	[MsgId: MERR-27792]
globals.h(27): Continuing after Error -27792: Failed to connect to server "localhost:8086": [10061] Connection refused  	[MsgId: MERR-27792]
globals.h(27): Continuing after Error -27792: Failed to connect to server "localhost:8086": [10061] Connection refused  	[MsgId: MERR-27792]
globals.h(27): Continuing after Error -27792: Failed to connect to server "localhost:8086": [10061] Connection refused  	[MsgId: MERR-27792]
globals.h(27): Continuing after Error -27792: Failed to connect to server "localhost:8086": [10061] Connection refused  	[MsgId: MERR-27792]
Delete_1_ticket.c(6): В теле action1 - удаление последне созданного билета	[MsgId: MMSG-17999]
Delete_1_ticket.c(43): Number of Tickets for DELETE is: 14	[MsgId: MMSG-17999]
Delete_1_ticket.c(44): 	[MsgId: MMSG-17999]
Delete_1_ticket.c(6): В теле action1 - удаление последне созданного билета	[MsgId: MMSG-17999]
Delete_1_ticket.c(43): Number of Tickets for DELETE is: 1	[MsgId: MMSG-17999]
Delete_1_ticket.c(44): 	[MsgId: MMSG-17999]
