Delete_1_ticket.c(6): В теле action1 - удаление последне созданного билета	[MsgId: MMSG-17999]
Delete_1_ticket.c(43): Number of Tickets for DELETE is: 1	[MsgId: MMSG-17999]
Delete_1_ticket.c(44): 	[MsgId: MMSG-17999]
Action3.c(3): холостой ход	[MsgId: MMSG-17999]
Action3.c(4): 	[MsgId: MMSG-17999]
Action3.c(3): холостой ход	[MsgId: MMSG-17999]
Action3.c(4): 	[MsgId: MMSG-17999]
Action3.c(3): холостой ход	[MsgId: MMSG-17999]
Action3.c(4): 	[MsgId: MMSG-17999]
Action3.c(3): холостой ход	[MsgId: MMSG-17999]
Action3.c(4): 	[MsgId: MMSG-17999]
Delete_1_ticket.c(6): В теле action1 - удаление последне созданного билета	[MsgId: MMSG-17999]
Delete_1_ticket.c(43): Number of Tickets for DELETE is: 5	[MsgId: MMSG-17999]
Delete_1_ticket.c(44): 	[MsgId: MMSG-17999]
Delete_1_ticket.c(6): В теле action1 - удаление последне созданного билета	[MsgId: MMSG-17999]
Delete_1_ticket.c(43): Number of Tickets for DELETE is: 5	[MsgId: MMSG-17999]
Delete_1_ticket.c(44): 	[MsgId: MMSG-17999]
Action3.c(3): холостой ход	[MsgId: MMSG-17999]
Action3.c(4): 	[MsgId: MMSG-17999]
Action3.c(3): холостой ход	[MsgId: MMSG-17999]
Action3.c(4): 	[MsgId: MMSG-17999]
Action3.c(3): холостой ход	[MsgId: MMSG-17999]
Action3.c(4): 	[MsgId: MMSG-17999]
Delete_1_ticket.c(6): В теле action1 - удаление последне созданного билета	[MsgId: MMSG-17999]
Delete_1_ticket.c(43): Number of Tickets for DELETE is: 8	[MsgId: MMSG-17999]
Delete_1_ticket.c(44): 	[MsgId: MMSG-17999]
Delete_1_ticket.c(6): В теле action1 - удаление последне созданного билета	[MsgId: MMSG-17999]
Delete_1_ticket.c(43): Number of Tickets for DELETE is: 8	[MsgId: MMSG-17999]
Delete_1_ticket.c(44): 	[MsgId: MMSG-17999]
Action3.c(3): холостой ход	[MsgId: MMSG-17999]
Action3.c(4): 	[MsgId: MMSG-17999]
Delete_ALL_ticket.c(6): В теле action2 - удаление всех билетов	[MsgId: MMSG-17999]
Delete_ALL_ticket.c(35): COUNT of Tickets for DELETE is: 9	[MsgId: MMSG-17999]
Delete_ALL_ticket.c(36): 	[MsgId: MMSG-17999]
Action3.c(3): холостой ход	[MsgId: MMSG-17999]
Action3.c(4): 	[MsgId: MMSG-17999]
Delete_1_ticket.c(6): В теле action1 - удаление последне созданного билета	[MsgId: MMSG-17999]
Delete_1_ticket.c(43): Number of Tickets for DELETE is: 2	[MsgId: MMSG-17999]
Delete_1_ticket.c(44): 	[MsgId: MMSG-17999]
Delete_1_ticket.c(6): В теле action1 - удаление последне созданного билета	[MsgId: MMSG-17999]
Delete_1_ticket.c(43): Number of Tickets for DELETE is: 2	[MsgId: MMSG-17999]
Delete_1_ticket.c(44): 	[MsgId: MMSG-17999]
Action3.c(3): холостой ход	[MsgId: MMSG-17999]
Action3.c(4): 	[MsgId: MMSG-17999]
Action3.c(3): холостой ход	[MsgId: MMSG-17999]
Action3.c(4): 	[MsgId: MMSG-17999]
Action3.c(3): холостой ход	[MsgId: MMSG-17999]
Action3.c(4): 	[MsgId: MMSG-17999]
Action3.c(3): холостой ход	[MsgId: MMSG-17999]
Action3.c(4): 	[MsgId: MMSG-17999]
Action3.c(3): холостой ход	[MsgId: MMSG-17999]
Action3.c(4): 	[MsgId: MMSG-17999]
Delete_ALL_ticket.c(6): В теле action2 - удаление всех билетов	[MsgId: MMSG-17999]
Delete_ALL_ticket.c(35): COUNT of Tickets for DELETE is: 7	[MsgId: MMSG-17999]
Delete_ALL_ticket.c(36): 	[MsgId: MMSG-17999]
Action3.c(3): холостой ход	[MsgId: MMSG-17999]
Action3.c(4): 	[MsgId: MMSG-17999]
Action3.c(3): холостой ход	[MsgId: MMSG-17999]
Action3.c(4): 	[MsgId: MMSG-17999]
Action3.c(3): холостой ход	[MsgId: MMSG-17999]
Action3.c(4): 	[MsgId: MMSG-17999]
Action3.c(3): холостой ход	[MsgId: MMSG-17999]
Action3.c(4): 	[MsgId: MMSG-17999]
Action3.c(3): холостой ход	[MsgId: MMSG-17999]
Action3.c(4): 	[MsgId: MMSG-17999]
Action3.c(3): холостой ход	[MsgId: MMSG-17999]
Action3.c(4): 	[MsgId: MMSG-17999]
Action3.c(3): холостой ход	[MsgId: MMSG-17999]
Action3.c(4): 	[MsgId: MMSG-17999]
Action3.c(3): холостой ход	[MsgId: MMSG-17999]
Action3.c(4): 	[MsgId: MMSG-17999]
Action3.c(3): холостой ход	[MsgId: MMSG-17999]
Action3.c(4): 	[MsgId: MMSG-17999]
Delete_1_ticket.c(6): В теле action1 - удаление последне созданного билета	[MsgId: MMSG-17999]
Delete_1_ticket.c(43): Number of Tickets for DELETE is: 10	[MsgId: MMSG-17999]
Delete_1_ticket.c(44): 	[MsgId: MMSG-17999]
Action3.c(3): холостой ход	[MsgId: MMSG-17999]
Action3.c(4): 	[MsgId: MMSG-17999]
Action3.c(3): холостой ход	[MsgId: MMSG-17999]
Action3.c(4): 	[MsgId: MMSG-17999]
Action3.c(3): холостой ход	[MsgId: MMSG-17999]
Action3.c(4): 	[MsgId: MMSG-17999]
Action3.c(3): холостой ход	[MsgId: MMSG-17999]
Action3.c(4): 	[MsgId: MMSG-17999]
Action3.c(3): холостой ход	[MsgId: MMSG-17999]
Action3.c(4): 	[MsgId: MMSG-17999]
Action3.c(3): холостой ход	[MsgId: MMSG-17999]
Action3.c(4): 	[MsgId: MMSG-17999]
Action3.c(3): холостой ход	[MsgId: MMSG-17999]
Action3.c(4): 	[MsgId: MMSG-17999]
Action3.c(3): холостой ход	[MsgId: MMSG-17999]
Action3.c(4): 	[MsgId: MMSG-17999]
Action3.c(3): холостой ход	[MsgId: MMSG-17999]
Action3.c(4): 	[MsgId: MMSG-17999]
