Delete_ALL_ticket.c(6): В теле action2 - удаление всех билетов	[MsgId: MMSG-17999]
Delete_ALL_ticket.c(6): В теле action2 - удаление всех билетов	[MsgId: MMSG-17999]
Delete_ALL_ticket.c(35): COUNT of Tickets for DELETE is: 3	[MsgId: MMSG-17999]
Delete_ALL_ticket.c(36): 	[MsgId: MMSG-17999]
Delete_1_ticket.c(6): В теле action1 - удаление последне созданного билета	[MsgId: MMSG-17999]
Delete_ALL_ticket.c(35): COUNT of Tickets for DELETE is: 4	[MsgId: MMSG-17999]
Delete_ALL_ticket.c(36): 	[MsgId: MMSG-17999]
Delete_1_ticket.c(6): В теле action1 - удаление последне созданного билета	[MsgId: MMSG-17999]
Delete_1_ticket.c(43): Number of Tickets for DELETE is: 5	[MsgId: MMSG-17999]
Delete_1_ticket.c(44): 	[MsgId: MMSG-17999]
Delete_1_ticket.c(6): В теле action1 - удаление последне созданного билета	[MsgId: MMSG-17999]
Delete_1_ticket.c(43): Number of Tickets for DELETE is: 6	[MsgId: MMSG-17999]
Delete_1_ticket.c(44): 	[MsgId: MMSG-17999]
Action3.c(3): холостой ход	[MsgId: MMSG-17999]
Action3.c(4): 	[MsgId: MMSG-17999]
Delete_1_ticket.c(43): Number of Tickets for DELETE is: 7	[MsgId: MMSG-17999]
Delete_1_ticket.c(44): 	[MsgId: MMSG-17999]
Delete_ALL_ticket.c(6): В теле action2 - удаление всех билетов	[MsgId: MMSG-17999]
Delete_1_ticket.c(6): В теле action1 - удаление последне созданного билета	[MsgId: MMSG-17999]
Delete_ALL_ticket.c(35): COUNT of Tickets for DELETE is: 9	[MsgId: MMSG-17999]
Delete_ALL_ticket.c(36): 	[MsgId: MMSG-17999]
Action3.c(3): холостой ход	[MsgId: MMSG-17999]
Action3.c(4): 	[MsgId: MMSG-17999]
Delete_1_ticket.c(43): Number of Tickets for DELETE is: 10	[MsgId: MMSG-17999]
Delete_1_ticket.c(44): 	[MsgId: MMSG-17999]
Action3.c(3): холостой ход	[MsgId: MMSG-17999]
Action3.c(4): 	[MsgId: MMSG-17999]
Delete_1_ticket.c(6): В теле action1 - удаление последне созданного билета	[MsgId: MMSG-17999]
Delete_1_ticket.c(43): Number of Tickets for DELETE is: 12	[MsgId: MMSG-17999]
Delete_1_ticket.c(44): 	[MsgId: MMSG-17999]
Action3.c(3): холостой ход	[MsgId: MMSG-17999]
Action3.c(4): 	[MsgId: MMSG-17999]
Action3.c(3): холостой ход	[MsgId: MMSG-17999]
Action3.c(4): 	[MsgId: MMSG-17999]
Action3.c(3): холостой ход	[MsgId: MMSG-17999]
Action3.c(4): 	[MsgId: MMSG-17999]
Action3.c(3): холостой ход	[MsgId: MMSG-17999]
Action3.c(4): 	[MsgId: MMSG-17999]
Delete_1_ticket.c(6): В теле action1 - удаление последне созданного билета	[MsgId: MMSG-17999]
Delete_1_ticket.c(6): В теле action1 - удаление последне созданного билета	[MsgId: MMSG-17999]
Delete_1_ticket.c(43): Number of Tickets for DELETE is: 18	[MsgId: MMSG-17999]
Delete_1_ticket.c(44): 	[MsgId: MMSG-17999]
Action3.c(3): холостой ход	[MsgId: MMSG-17999]
Action3.c(4): 	[MsgId: MMSG-17999]
Delete_1_ticket.c(43): Number of Tickets for DELETE is: 19	[MsgId: MMSG-17999]
Delete_1_ticket.c(44): 	[MsgId: MMSG-17999]
Action3.c(3): холостой ход	[MsgId: MMSG-17999]
Action3.c(4): 	[MsgId: MMSG-17999]
Delete_1_ticket.c(6): В теле action1 - удаление последне созданного билета	[MsgId: MMSG-17999]
Action3.c(3): холостой ход	[MsgId: MMSG-17999]
Action3.c(4): 	[MsgId: MMSG-17999]
Action3.c(3): холостой ход	[MsgId: MMSG-17999]
Action3.c(4): 	[MsgId: MMSG-17999]
Delete_1_ticket.c(43): Number of Tickets for DELETE is: 23	[MsgId: MMSG-17999]
Delete_1_ticket.c(44): 	[MsgId: MMSG-17999]
Delete_ALL_ticket.c(6): В теле action2 - удаление всех билетов	[MsgId: MMSG-17999]
Action3.c(3): холостой ход	[MsgId: MMSG-17999]
Action3.c(4): 	[MsgId: MMSG-17999]
Action3.c(3): холостой ход	[MsgId: MMSG-17999]
Action3.c(4): 	[MsgId: MMSG-17999]
Delete_ALL_ticket.c(35): COUNT of Tickets for DELETE is: 26	[MsgId: MMSG-17999]
Delete_ALL_ticket.c(36): 	[MsgId: MMSG-17999]
Action3.c(3): холостой ход	[MsgId: MMSG-17999]
Action3.c(4): 	[MsgId: MMSG-17999]
Action3.c(3): холостой ход	[MsgId: MMSG-17999]
Action3.c(4): 	[MsgId: MMSG-17999]
Action3.c(3): холостой ход	[MsgId: MMSG-17999]
Action3.c(4): 	[MsgId: MMSG-17999]
Action3.c(3): холостой ход	[MsgId: MMSG-17999]
Action3.c(4): 	[MsgId: MMSG-17999]
Action3.c(3): холостой ход	[MsgId: MMSG-17999]
Action3.c(4): 	[MsgId: MMSG-17999]
Delete_1_ticket.c(6): В теле action1 - удаление последне созданного билета	[MsgId: MMSG-17999]
Action3.c(3): холостой ход	[MsgId: MMSG-17999]
Action3.c(4): 	[MsgId: MMSG-17999]
Delete_1_ticket.c(43): Number of Tickets for DELETE is: 33	[MsgId: MMSG-17999]
Delete_1_ticket.c(44): 	[MsgId: MMSG-17999]
Action3.c(3): холостой ход	[MsgId: MMSG-17999]
Action3.c(4): 	[MsgId: MMSG-17999]
Delete_1_ticket.c(6): В теле action1 - удаление последне созданного билета	[MsgId: MMSG-17999]
Delete_1_ticket.c(6): В теле action1 - удаление последне созданного билета	[MsgId: MMSG-17999]
Delete_1_ticket.c(43): Number of Tickets for DELETE is: 36	[MsgId: MMSG-17999]
Delete_1_ticket.c(44): 	[MsgId: MMSG-17999]
Action3.c(3): холостой ход	[MsgId: MMSG-17999]
Action3.c(4): 	[MsgId: MMSG-17999]
Delete_1_ticket.c(43): Number of Tickets for DELETE is: 37	[MsgId: MMSG-17999]
Delete_1_ticket.c(44): 	[MsgId: MMSG-17999]
Delete_1_ticket.c(6): В теле action1 - удаление последне созданного билета	[MsgId: MMSG-17999]
Delete_1_ticket.c(6): В теле action1 - удаление последне созданного билета	[MsgId: MMSG-17999]
Delete_1_ticket.c(43): Number of Tickets for DELETE is: 39	[MsgId: MMSG-17999]
Delete_1_ticket.c(44): 	[MsgId: MMSG-17999]
Delete_1_ticket.c(6): В теле action1 - удаление последне созданного билета	[MsgId: MMSG-17999]
Delete_1_ticket.c(43): Number of Tickets for DELETE is: 40	[MsgId: MMSG-17999]
Delete_1_ticket.c(44): 	[MsgId: MMSG-17999]
Action3.c(3): холостой ход	[MsgId: MMSG-17999]
Action3.c(4): 	[MsgId: MMSG-17999]
Delete_1_ticket.c(43): Number of Tickets for DELETE is: 41	[MsgId: MMSG-17999]
Delete_1_ticket.c(44): 	[MsgId: MMSG-17999]
Delete_1_ticket.c(6): В теле action1 - удаление последне созданного билета	[MsgId: MMSG-17999]
Action3.c(3): холостой ход	[MsgId: MMSG-17999]
Action3.c(4): 	[MsgId: MMSG-17999]
Delete_1_ticket.c(43): Number of Tickets for DELETE is: 43	[MsgId: MMSG-17999]
Delete_1_ticket.c(44): 	[MsgId: MMSG-17999]
Action3.c(3): холостой ход	[MsgId: MMSG-17999]
Action3.c(4): 	[MsgId: MMSG-17999]
Delete_1_ticket.c(6): В теле action1 - удаление последне созданного билета	[MsgId: MMSG-17999]
Delete_ALL_ticket.c(6): В теле action2 - удаление всех билетов	[MsgId: MMSG-17999]
Action3.c(3): холостой ход	[MsgId: MMSG-17999]
Action3.c(4): 	[MsgId: MMSG-17999]
Delete_1_ticket.c(43): Number of Tickets for DELETE is: 47	[MsgId: MMSG-17999]
Delete_1_ticket.c(44): 	[MsgId: MMSG-17999]
Action3.c(3): холостой ход	[MsgId: MMSG-17999]
Action3.c(4): 	[MsgId: MMSG-17999]
Delete_ALL_ticket.c(35): COUNT of Tickets for DELETE is: 48	[MsgId: MMSG-17999]
Delete_ALL_ticket.c(36): 	[MsgId: MMSG-17999]
Delete_ALL_ticket.c(6): В теле action2 - удаление всех билетов	[MsgId: MMSG-17999]
Delete_1_ticket.c(6): В теле action1 - удаление последне созданного билета	[MsgId: MMSG-17999]
Delete_ALL_ticket.c(6): В теле action2 - удаление всех билетов	[MsgId: MMSG-17999]
Delete_ALL_ticket.c(35): COUNT of Tickets for DELETE is: 51	[MsgId: MMSG-17999]
Delete_ALL_ticket.c(36): 	[MsgId: MMSG-17999]
Delete_ALL_ticket.c(6): В теле action2 - удаление всех билетов	[MsgId: MMSG-17999]
Delete_1_ticket.c(43): Number of Tickets for DELETE is: 52	[MsgId: MMSG-17999]
Delete_1_ticket.c(44): 	[MsgId: MMSG-17999]
Action3.c(3): холостой ход	[MsgId: MMSG-17999]
Action3.c(4): 	[MsgId: MMSG-17999]
Delete_ALL_ticket.c(35): COUNT of Tickets for DELETE is: 53	[MsgId: MMSG-17999]
Delete_ALL_ticket.c(36): 	[MsgId: MMSG-17999]
Delete_ALL_ticket.c(6): В теле action2 - удаление всех билетов	[MsgId: MMSG-17999]
Delete_ALL_ticket.c(35): COUNT of Tickets for DELETE is: 54	[MsgId: MMSG-17999]
Delete_ALL_ticket.c(36): 	[MsgId: MMSG-17999]
Delete_ALL_ticket.c(6): В теле action2 - удаление всех билетов	[MsgId: MMSG-17999]
Delete_ALL_ticket.c(6): В теле action2 - удаление всех билетов	[MsgId: MMSG-17999]
Delete_ALL_ticket.c(35): COUNT of Tickets for DELETE is: 56	[MsgId: MMSG-17999]
Delete_ALL_ticket.c(36): 	[MsgId: MMSG-17999]
Delete_ALL_ticket.c(35): COUNT of Tickets for DELETE is: 56	[MsgId: MMSG-17999]
Delete_ALL_ticket.c(36): 	[MsgId: MMSG-17999]
Delete_1_ticket.c(6): В теле action1 - удаление последне созданного билета	[MsgId: MMSG-17999]
Delete_ALL_ticket.c(35): COUNT of Tickets for DELETE is: 57	[MsgId: MMSG-17999]
Delete_ALL_ticket.c(36): 	[MsgId: MMSG-17999]
Delete_ALL_ticket.c(6): В теле action2 - удаление всех билетов	[MsgId: MMSG-17999]
Delete_1_ticket.c(43): Number of Tickets for DELETE is: 58	[MsgId: MMSG-17999]
Delete_1_ticket.c(44): 	[MsgId: MMSG-17999]
Delete_1_ticket.c(6): В теле action1 - удаление последне созданного билета	[MsgId: MMSG-17999]
Delete_ALL_ticket.c(35): COUNT of Tickets for DELETE is: 59	[MsgId: MMSG-17999]
Delete_ALL_ticket.c(36): 	[MsgId: MMSG-17999]
Delete_1_ticket.c(6): В теле action1 - удаление последне созданного билета	[MsgId: MMSG-17999]
Delete_1_ticket.c(43): Number of Tickets for DELETE is: 60	[MsgId: MMSG-17999]
Delete_1_ticket.c(44): 	[MsgId: MMSG-17999]
Action3.c(3): холостой ход	[MsgId: MMSG-17999]
Action3.c(4): 	[MsgId: MMSG-17999]
Delete_1_ticket.c(43): Number of Tickets for DELETE is: 61	[MsgId: MMSG-17999]
Delete_1_ticket.c(44): 	[MsgId: MMSG-17999]
Delete_1_ticket.c(6): В теле action1 - удаление последне созданного билета	[MsgId: MMSG-17999]
Action3.c(3): холостой ход	[MsgId: MMSG-17999]
Action3.c(4): 	[MsgId: MMSG-17999]
Delete_1_ticket.c(43): Number of Tickets for DELETE is: 63	[MsgId: MMSG-17999]
Delete_1_ticket.c(44): 	[MsgId: MMSG-17999]
Action3.c(3): холостой ход	[MsgId: MMSG-17999]
Action3.c(4): 	[MsgId: MMSG-17999]
Action3.c(3): холостой ход	[MsgId: MMSG-17999]
Action3.c(4): 	[MsgId: MMSG-17999]
Action3.c(3): холостой ход	[MsgId: MMSG-17999]
Action3.c(4): 	[MsgId: MMSG-17999]
Action3.c(3): холостой ход	[MsgId: MMSG-17999]
Action3.c(4): 	[MsgId: MMSG-17999]
Action3.c(3): холостой ход	[MsgId: MMSG-17999]
Action3.c(4): 	[MsgId: MMSG-17999]
Action3.c(3): холостой ход	[MsgId: MMSG-17999]
Action3.c(4): 	[MsgId: MMSG-17999]
Action3.c(3): холостой ход	[MsgId: MMSG-17999]
Action3.c(4): 	[MsgId: MMSG-17999]
Action3.c(3): холостой ход	[MsgId: MMSG-17999]
Action3.c(4): 	[MsgId: MMSG-17999]
Action3.c(3): холостой ход	[MsgId: MMSG-17999]
Action3.c(4): 	[MsgId: MMSG-17999]
Delete_ALL_ticket.c(6): В теле action2 - удаление всех билетов	[MsgId: MMSG-17999]
Create_ticket.c(22): Continuing after Error -26612: HTTP Status-Code=500 (Internal Server Error) for "http://localhost:1080/cgi-bin/nav.pl?page=menu&in=flights"  	[MsgId: MERR-26612]
Action3.c(3): холостой ход	[MsgId: MMSG-17999]
Action3.c(4): 	[MsgId: MMSG-17999]
Action3.c(3): холостой ход	[MsgId: MMSG-17999]
Action3.c(4): 	[MsgId: MMSG-17999]
Delete_ALL_ticket.c(35): COUNT of Tickets for DELETE is: 75	[MsgId: MMSG-17999]
Delete_ALL_ticket.c(36): 	[MsgId: MMSG-17999]
Action3.c(3): холостой ход	[MsgId: MMSG-17999]
Action3.c(4): 	[MsgId: MMSG-17999]
Action3.c(3): холостой ход	[MsgId: MMSG-17999]
Action3.c(4): 	[MsgId: MMSG-17999]
Delete_1_ticket.c(6): В теле action1 - удаление последне созданного билета	[MsgId: MMSG-17999]
Delete_1_ticket.c(6): В теле action1 - удаление последне созданного билета	[MsgId: MMSG-17999]
Action3.c(3): холостой ход	[MsgId: MMSG-17999]
Action3.c(4): 	[MsgId: MMSG-17999]
Delete_1_ticket.c(43): Number of Tickets for DELETE is: 80	[MsgId: MMSG-17999]
Delete_1_ticket.c(44): 	[MsgId: MMSG-17999]
Delete_1_ticket.c(43): Number of Tickets for DELETE is: 80	[MsgId: MMSG-17999]
Delete_1_ticket.c(44): 	[MsgId: MMSG-17999]
Action3.c(3): холостой ход	[MsgId: MMSG-17999]
Action3.c(4): 	[MsgId: MMSG-17999]
Action3.c(3): холостой ход	[MsgId: MMSG-17999]
Action3.c(4): 	[MsgId: MMSG-17999]
Create_ticket.c(22): Continuing after Error -26612: HTTP Status-Code=500 (Internal Server Error) for "http://localhost:1080/cgi-bin/nav.pl?page=menu&in=flights"  	[MsgId: MERR-26612]
Action3.c(3): холостой ход	[MsgId: MMSG-17999]
Action3.c(4): 	[MsgId: MMSG-17999]
Action3.c(3): холостой ход	[MsgId: MMSG-17999]
Action3.c(4): 	[MsgId: MMSG-17999]
Action3.c(3): холостой ход	[MsgId: MMSG-17999]
Action3.c(4): 	[MsgId: MMSG-17999]
Action3.c(3): холостой ход	[MsgId: MMSG-17999]
Action3.c(4): 	[MsgId: MMSG-17999]
Delete_1_ticket.c(6): В теле action1 - удаление последне созданного билета	[MsgId: MMSG-17999]
Delete_1_ticket.c(6): В теле action1 - удаление последне созданного билета	[MsgId: MMSG-17999]
Delete_1_ticket.c(43): Number of Tickets for DELETE is: 88	[MsgId: MMSG-17999]
Delete_1_ticket.c(44): 	[MsgId: MMSG-17999]
Delete_1_ticket.c(43): Number of Tickets for DELETE is: 89	[MsgId: MMSG-17999]
Delete_1_ticket.c(44): 	[MsgId: MMSG-17999]
Action3.c(3): холостой ход	[MsgId: MMSG-17999]
Action3.c(4): 	[MsgId: MMSG-17999]
Delete_1_ticket.c(6): В теле action1 - удаление последне созданного билета	[MsgId: MMSG-17999]
Action3.c(3): холостой ход	[MsgId: MMSG-17999]
Action3.c(4): 	[MsgId: MMSG-17999]
Delete_1_ticket.c(43): Number of Tickets for DELETE is: 91	[MsgId: MMSG-17999]
Delete_1_ticket.c(44): 	[MsgId: MMSG-17999]
Delete_1_ticket.c(6): В теле action1 - удаление последне созданного билета	[MsgId: MMSG-17999]
Action3.c(3): холостой ход	[MsgId: MMSG-17999]
Action3.c(4): 	[MsgId: MMSG-17999]
Action3.c(3): холостой ход	[MsgId: MMSG-17999]
Action3.c(4): 	[MsgId: MMSG-17999]
Delete_1_ticket.c(43): Number of Tickets for DELETE is: 94	[MsgId: MMSG-17999]
Delete_1_ticket.c(44): 	[MsgId: MMSG-17999]
Action3.c(3): холостой ход	[MsgId: MMSG-17999]
Action3.c(4): 	[MsgId: MMSG-17999]
Action3.c(3): холостой ход	[MsgId: MMSG-17999]
Action3.c(4): 	[MsgId: MMSG-17999]
Action3.c(3): холостой ход	[MsgId: MMSG-17999]
Action3.c(4): 	[MsgId: MMSG-17999]
Action3.c(3): холостой ход	[MsgId: MMSG-17999]
Action3.c(4): 	[MsgId: MMSG-17999]
Action3.c(3): холостой ход	[MsgId: MMSG-17999]
Action3.c(4): 	[MsgId: MMSG-17999]
Action3.c(3): холостой ход	[MsgId: MMSG-17999]
Action3.c(4): 	[MsgId: MMSG-17999]
Action3.c(3): холостой ход	[MsgId: MMSG-17999]
Action3.c(4): 	[MsgId: MMSG-17999]
Action3.c(3): холостой ход	[MsgId: MMSG-17999]
Action3.c(4): 	[MsgId: MMSG-17999]
Delete_1_ticket.c(6): В теле action1 - удаление последне созданного билета	[MsgId: MMSG-17999]
Action3.c(3): холостой ход	[MsgId: MMSG-17999]
Action3.c(4): 	[MsgId: MMSG-17999]
Delete_1_ticket.c(43): Number of Tickets for DELETE is: 104	[MsgId: MMSG-17999]
Delete_1_ticket.c(44): 	[MsgId: MMSG-17999]
Action3.c(3): холостой ход	[MsgId: MMSG-17999]
Action3.c(4): 	[MsgId: MMSG-17999]
Action3.c(3): холостой ход	[MsgId: MMSG-17999]
Action3.c(4): 	[MsgId: MMSG-17999]
Delete_1_ticket.c(6): В теле action1 - удаление последне созданного билета	[MsgId: MMSG-17999]
Delete_ALL_ticket.c(6): В теле action2 - удаление всех билетов	[MsgId: MMSG-17999]
Delete_1_ticket.c(43): Number of Tickets for DELETE is: 108	[MsgId: MMSG-17999]
Delete_1_ticket.c(44): 	[MsgId: MMSG-17999]
Action3.c(3): холостой ход	[MsgId: MMSG-17999]
Action3.c(4): 	[MsgId: MMSG-17999]
Delete_ALL_ticket.c(35): COUNT of Tickets for DELETE is: 109	[MsgId: MMSG-17999]
Delete_ALL_ticket.c(36): 	[MsgId: MMSG-17999]
Action3.c(3): холостой ход	[MsgId: MMSG-17999]
Action3.c(4): 	[MsgId: MMSG-17999]
Action3.c(3): холостой ход	[MsgId: MMSG-17999]
Action3.c(4): 	[MsgId: MMSG-17999]
Action3.c(3): холостой ход	[MsgId: MMSG-17999]
Action3.c(4): 	[MsgId: MMSG-17999]
Delete_1_ticket.c(6): В теле action1 - удаление последне созданного билета	[MsgId: MMSG-17999]
Action3.c(3): холостой ход	[MsgId: MMSG-17999]
Action3.c(4): 	[MsgId: MMSG-17999]
Delete_1_ticket.c(43): Number of Tickets for DELETE is: 114	[MsgId: MMSG-17999]
Delete_1_ticket.c(44): 	[MsgId: MMSG-17999]
Action3.c(3): холостой ход	[MsgId: MMSG-17999]
Action3.c(4): 	[MsgId: MMSG-17999]
Delete_1_ticket.c(6): В теле action1 - удаление последне созданного билета	[MsgId: MMSG-17999]
Action3.c(3): холостой ход	[MsgId: MMSG-17999]
Action3.c(4): 	[MsgId: MMSG-17999]
Delete_1_ticket.c(43): Number of Tickets for DELETE is: 117	[MsgId: MMSG-17999]
Delete_1_ticket.c(44): 	[MsgId: MMSG-17999]
Delete_ALL_ticket.c(6): В теле action2 - удаление всех билетов	[MsgId: MMSG-17999]
Delete_1_ticket.c(6): В теле action1 - удаление последне созданного билета	[MsgId: MMSG-17999]
Delete_ALL_ticket.c(35): COUNT of Tickets for DELETE is: 119	[MsgId: MMSG-17999]
Delete_ALL_ticket.c(36): 	[MsgId: MMSG-17999]
Delete_1_ticket.c(28): Continuing after Error -26612: HTTP Status-Code=500 (Internal Server Error) for "http://localhost:1080/cgi-bin/nav.pl?page=menu&in=itinerary"  	[MsgId: MERR-26612]
Action3.c(3): холостой ход	[MsgId: MMSG-17999]
Action3.c(4): 	[MsgId: MMSG-17999]
Delete_1_ticket.c(43): Number of Tickets for DELETE is: 120	[MsgId: MMSG-17999]
Delete_1_ticket.c(44): 	[MsgId: MMSG-17999]
Action3.c(3): холостой ход	[MsgId: MMSG-17999]
Action3.c(4): 	[MsgId: MMSG-17999]
